(2023-06-02 12:29:51) 
(2023-06-02 12:29:51) --- 2023-06-02 12:29:51
(2023-06-02 12:29:51) --- Starting Analyzer: 12.5.0
(2023-06-02 12:29:51) 
(2023-06-02 12:29:52) >GetDirectory / Scenario
(2023-06-02 12:29:52) D:\GrabCAD\Orbital Simulations\3uCubed-Integrated-Sim\3UCubedIntegratedSim\
(2023-06-02 12:29:52) Skipped adding: Crdn Available Times Data Provider- PreData not supported!
(2023-06-02 12:29:52) Skipped adding: Out Of Date TLE Data Provider- PreData not supported!
(2023-06-02 12:29:55) Skipped adding: Astrogator Script Summary Data Provider- PreData not supported!
(2023-06-02 12:29:56) Skipped adding: Crdn Available Times Data Provider- PreData not supported!
(2023-06-02 12:29:56) Skipped adding: Ephemeris Diff in Curvilinear Coordinates Data Provider- PreData not supported!
(2023-06-02 12:29:56) Skipped adding: Pointing Covariance (Projection) Data Provider- PreData not supported!
(2023-06-02 12:29:56) Skipped adding: Position Covariance CrossSection Data Provider- PreData not supported!
(2023-06-02 12:29:56) Skipped adding: Position Covariance Projection Data Provider- PreData not supported!
(2023-06-02 12:29:56) Skipped adding: Position Covariance in Axes Data Provider- PreData not supported!
(2023-06-02 12:29:56) Skipped adding: Relative Motion Data Provider- PreData not supported!
(2023-06-02 12:29:56) Skipped adding: SEET Magnetic Conjugacy Data Provider- PreData not supported!
(2023-06-02 12:29:56) Skipped adding: STM Eigendecomposition Data Provider- PreData not supported!
(2023-06-02 12:29:57) Skipped adding: Solar Panel Angles Data Provider- PreData not supported!
(2023-06-02 12:29:57) Skipped adding: State Transition Matrix Data Provider- PreData not supported!
(2023-06-02 12:30:04) >GetAccesses / IncludeEmptyAccesses
(2023-06-02 12:30:04) No accesses are computed.
